A51 MACRO ASSEMBLER  HTN_LAB07                                                            03/24/2026 20:03:56 PAGE     1


MACRO ASSEMBLER A51 V8.02
OBJECT MODULE PLACED IN HTN_Lab07.OBJ
ASSEMBLER INVOKED BY: C:\Keil\C51\BIN\A51.EXE HTN_Lab07.asm SET(SMALL) DEBUG EP

LOC  OBJ            LINE     SOURCE

0000                   1     ORG 00H
0000                   2     MAIN:
0000 758920            3         MOV TMOD, #20H   
0003 758DFD            4         MOV TH1, #-3      
0006 759850            5         MOV SCON, #50H    
0009 D28E              6         SETB TR1          
                       7     
000B                   8     lap:
000B 30900E            9         jnb p1.0, ktra1   
000E 309114           10         jnb p1.1, ktra2   
0011 30921A           11         jnb p1.2, ktra3   
0014 309320           12         jnb p1.3, ktra4   
0017 309426           13         jnb p1.4, ktra5   
001A 80EF             14         jmp lap           
                      15     
001C                  16     ktra1:
001C 3090FD           17         jnb p1.0, $       
001F 744C             18         mov a, #'L'       
0021 1149             19         call truyen       
0023 80E6             20         jmp lap
                      21     
0025                  22     ktra2:
0025 3091FD           23         jnb p1.1, $       
0028 7454             24         mov a, #'T'       
002A 1149             25         call truyen
002C 80DD             26         jmp lap
                      27     
002E                  28     ktra3:
002E 3092FD           29         jnb p1.2, $       
0031 7450             30         mov a, #'P'      
0033 1149             31         call truyen
0035 80D4             32         jmp lap
                      33     
0037                  34     ktra4:
0037 3093FD           35         jnb p1.3, $       
003A 7444             36         mov a, #'D'      
003C 1149             37         call truyen
003E 80CB             38         jmp lap
                      39     
0040                  40     ktra5:
0040 3094FD           41         jnb p1.4, $       
0043 7454             42         mov a, #'T'       
0045 1149             43         call truyen
0047 80C2             44         jmp lap
                      45     
0049                  46     truyen:              
0049 F599             47         mov sbuf, a       
004B 3099FD           48         jnb ti, $         
004E C299             49         clr ti            
0050 22               50         ret               
                      51     
                      52     END
A51 MACRO ASSEMBLER  HTN_LAB07                                                            03/24/2026 20:03:56 PAGE     2

SYMBOL TABLE LISTING
------ ----- -------


N A M E             T Y P E  V A L U E   ATTRIBUTES

KTRA1. . . . . . .  C ADDR   001CH   A   
KTRA2. . . . . . .  C ADDR   0025H   A   
KTRA3. . . . . . .  C ADDR   002EH   A   
KTRA4. . . . . . .  C ADDR   0037H   A   
KTRA5. . . . . . .  C ADDR   0040H   A   
LAP. . . . . . . .  C ADDR   000BH   A   
MAIN . . . . . . .  C ADDR   0000H   A   
P1 . . . . . . . .  D ADDR   0090H   A   
SBUF . . . . . . .  D ADDR   0099H   A   
SCON . . . . . . .  D ADDR   0098H   A   
TH1. . . . . . . .  D ADDR   008DH   A   
TI . . . . . . . .  B ADDR   0098H.1 A   
TMOD . . . . . . .  D ADDR   0089H   A   
TR1. . . . . . . .  B ADDR   0088H.6 A   
TRUYEN . . . . . .  C ADDR   0049H   A   


REGISTER BANK(S) USED: 0 


ASSEMBLY COMPLETE.  0 WARNING(S), 0 ERROR(S)
